<?xml version="1.0" encoding="UTF-8"?>
<!-- Generated by org.testng.reporters.JUnitReportReporter -->
<testsuite skipped="0" hostname="DESKTOP-ADGCHK6" name="scripts.OrangeDataProvider" tests="3" failures="0" timestamp="2024-11-28T09:25:52 IST" time="44.314" errors="0">
  <testcase name="OrangeDP" time="12.772" classname="scripts.OrangeDataProvider"/>
  <system-out/>
  <testcase name="OrangeDP" time="18.861" classname="scripts.OrangeDataProvider"/>
  <system-out/>
  <testcase name="OrangeDP" time="12.681" classname="scripts.OrangeDataProvider"/>
  <system-out/>
</testsuite> <!-- scripts.OrangeDataProvider -->
