<?xml version="1.0" encoding="UTF-8"?>
<!-- Generated by org.testng.reporters.JUnitReportReporter -->
<testsuite skipped="0" hostname="DESKTOP-ADGCHK6" name="scripts.TestNGClass1" tests="4" failures="0" timestamp="2024-11-29T09:48:39 IST" time="0.018" errors="0">
  <testcase name="pqr" time="0.003" classname="scripts.TestNGClass1"/>
  <system-out/>
  <testcase name="abc" time="0.002" classname="scripts.TestNGClass1"/>
  <system-out/>
  <testcase name="xyz" time="0.004" classname="scripts.TestNGClass1"/>
  <system-out/>
  <testcase name="def" time="0.009" classname="scripts.TestNGClass1"/>
  <system-out/>
</testsuite> <!-- scripts.TestNGClass1 -->
