<?xml version="1.0" encoding="UTF-8"?>
<!-- Generated by org.testng.reporters.JUnitReportReporter -->
<testsuite skipped="0" hostname="DESKTOP-ADGCHK6" name="scripts.Alink" tests="1" failures="0" timestamp="2024-11-28T09:03:11 IST" time="3.895" errors="0">
  <testcase name="AdmLnk" time="3.895" classname="scripts.Alink"/>
  <system-out/>
</testsuite> <!-- scripts.Alink -->
