<?xml version="1.0" encoding="UTF-8"?>
<!-- Generated by org.testng.reporters.JUnitReportReporter -->
<testsuite skipped="0" hostname="DESKTOP-ADGCHK6" name="scripts.Exepom" tests="3" failures="0" timestamp="2024-12-02T09:14:37 IST" time="37.894" errors="0">
  <testcase name="Ologin" time="12.811" classname="scripts.Exepom"/>
  <system-out/>
  <testcase name="Ologin" time="12.375" classname="scripts.Exepom"/>
  <system-out/>
  <testcase name="Ologin" time="12.708" classname="scripts.Exepom"/>
  <system-out/>
</testsuite> <!-- scripts.Exepom -->
