<?xml version="1.0" encoding="UTF-8"?>
<!-- Generated by org.testng.reporters.JUnitReportReporter -->
<testsuite skipped="0" hostname="DESKTOP-ADGCHK6" name="scripts.Sgrid" tests="2" failures="0" timestamp="2024-12-10T17:02:47 IST" time="38.840" errors="0">
  <testcase name="Grd" time="22.145" classname="scripts.Sgrid"/>
  <system-out/>
  <testcase name="Grd" time="16.695" classname="scripts.Sgrid"/>
  <system-out/>
</testsuite> <!-- scripts.Sgrid -->
