<?xml version="1.0" encoding="UTF-8"?>
<!-- Generated by org.testng.reporters.JUnitReportReporter -->
<testsuite skipped="0" hostname="DESKTOP-ADGCHK6" name="scripts.SampleNg" tests="2" failures="0" timestamp="2024-11-27T08:52:51 IST" time="10.186" errors="0">
  <testcase name="bcd" time="5.930" classname="scripts.SampleNg"/>
  <system-out/>
  <testcase name="abc" time="4.256" classname="scripts.SampleNg"/>
  <system-out/>
</testsuite> <!-- scripts.SampleNg -->
