<?xml version="1.0" encoding="UTF-8"?>
<!-- Generated by org.testng.reporters.JUnitReportReporter -->
<testsuite skipped="0" hostname="DESKTOP-ADGCHK6" name="scripts.TestNGClass" tests="1" failures="0" timestamp="2024-11-29T09:48:39 IST" time="0.011" errors="0">
  <testcase name="abc" time="0.011" classname="scripts.TestNGClass"/>
  <system-out/>
</testsuite> <!-- scripts.TestNGClass -->
